{"C:\\Users\\gaell\\Desktop\\Ynov\\M1\\api-events-ci-cd\\app.js": {"path":"C:\\Users\\gaell\\Desktop\\Ynov\\M1\\api-events-ci-cd\\app.js","statementMap":{"0":{"start":{"line":1,"column":16},"end":{"line":1,"column":34}},"1":{"start":{"line":2,"column":13},"end":{"line":2,"column":28}},"2":{"start":{"line":3,"column":11},"end":{"line":3,"column":24}},"3":{"start":{"line":4,"column":15},"end":{"line":4,"column":32}},"4":{"start":{"line":5,"column":12},"end":{"line":5,"column":21}},"5":{"start":{"line":6,"column":0},"end":{"line":6,"column":24}},"6":{"start":{"line":7,"column":0},"end":{"line":7,"column":56}},"7":{"start":{"line":9,"column":19},"end":{"line":9,"column":60}},"8":{"start":{"line":10,"column":0},"end":{"line":10,"column":78}},"9":{"start":{"line":10,"column":32},"end":{"line":10,"column":78}},"10":{"start":{"line":12,"column":16},"end":{"line":15,"column":2}},"11":{"start":{"line":13,"column":36},"end":{"line":13,"column":56}},"12":{"start":{"line":14,"column":33},"end":{"line":14,"column":87}},"13":{"start":{"line":17,"column":15},"end":{"line":26,"column":2}},"14":{"start":{"line":21,"column":8},"end":{"line":23,"column":9}},"15":{"start":{"line":22,"column":12},"end":{"line":22,"column":69}},"16":{"start":{"line":24,"column":8},"end":{"line":24,"column":23}},"17":{"start":{"line":28,"column":15},"end":{"line":28,"column":17}},"18":{"start":{"line":30,"column":0},"end":{"line":32,"column":3}},"19":{"start":{"line":31,"column":4},"end":{"line":31,"column":21}},"20":{"start":{"line":35,"column":0},"end":{"line":69,"column":3}},"21":{"start":{"line":36,"column":21},"end":{"line":36,"column":29}},"22":{"start":{"line":41,"column":4},"end":{"line":45,"column":5}},"23":{"start":{"line":42,"column":8},"end":{"line":44,"column":11}},"24":{"start":{"line":48,"column":22},"end":{"line":48,"column":45}},"25":{"start":{"line":49,"column":18},"end":{"line":49,"column":28}},"26":{"start":{"line":51,"column":4},"end":{"line":51,"column":31}},"27":{"start":{"line":53,"column":4},"end":{"line":57,"column":5}},"28":{"start":{"line":54,"column":8},"end":{"line":56,"column":11}},"29":{"start":{"line":62,"column":4},"end":{"line":62,"column":36}},"30":{"start":{"line":63,"column":4},"end":{"line":65,"column":5}},"31":{"start":{"line":64,"column":8},"end":{"line":64,"column":60}},"32":{"start":{"line":66,"column":4},"end":{"line":66,"column":26}},"33":{"start":{"line":68,"column":4},"end":{"line":68,"column":35}},"34":{"start":{"line":72,"column":0},"end":{"line":102,"column":3}},"35":{"start":{"line":73,"column":15},"end":{"line":73,"column":38}},"36":{"start":{"line":74,"column":18},"end":{"line":74,"column":52}},"37":{"start":{"line":74,"column":40},"end":{"line":74,"column":51}},"38":{"start":{"line":76,"column":4},"end":{"line":78,"column":5}},"39":{"start":{"line":77,"column":8},"end":{"line":77,"column":72}},"40":{"start":{"line":80,"column":20},"end":{"line":80,"column":28}},"41":{"start":{"line":82,"column":4},"end":{"line":84,"column":5}},"42":{"start":{"line":83,"column":8},"end":{"line":83,"column":138}},"43":{"start":{"line":86,"column":22},"end":{"line":86,"column":44}},"44":{"start":{"line":87,"column":18},"end":{"line":87,"column":28}},"45":{"start":{"line":88,"column":4},"end":{"line":88,"column":31}},"46":{"start":{"line":90,"column":4},"end":{"line":92,"column":5}},"47":{"start":{"line":91,"column":8},"end":{"line":91,"column":89}},"48":{"start":{"line":94,"column":4},"end":{"line":98,"column":5}},"49":{"start":{"line":95,"column":8},"end":{"line":95,"column":59}},"50":{"start":{"line":97,"column":8},"end":{"line":97,"column":50}},"51":{"start":{"line":100,"column":4},"end":{"line":100,"column":53}},"52":{"start":{"line":101,"column":4},"end":{"line":101,"column":28}},"53":{"start":{"line":105,"column":0},"end":{"line":111,"column":3}},"54":{"start":{"line":106,"column":4},"end":{"line":108,"column":5}},"55":{"start":{"line":107,"column":8},"end":{"line":107,"column":73}},"56":{"start":{"line":109,"column":4},"end":{"line":109,"column":22}},"57":{"start":{"line":110,"column":4},"end":{"line":110,"column":27}},"58":{"start":{"line":114,"column":0},"end":{"line":124,"column":3}},"59":{"start":{"line":115,"column":15},"end":{"line":115,"column":38}},"60":{"start":{"line":116,"column":18},"end":{"line":116,"column":52}},"61":{"start":{"line":116,"column":40},"end":{"line":116,"column":51}},"62":{"start":{"line":118,"column":4},"end":{"line":120,"column":5}},"63":{"start":{"line":119,"column":8},"end":{"line":119,"column":72}},"64":{"start":{"line":122,"column":4},"end":{"line":122,"column":28}},"65":{"start":{"line":123,"column":4},"end":{"line":123,"column":27}},"66":{"start":{"line":127,"column":0},"end":{"line":127,"column":21}}},"fnMap":{"0":{"name":"(anonymous_0)","decl":{"start":{"line":13,"column":17},"end":{"line":13,"column":18}},"loc":{"start":{"line":13,"column":36},"end":{"line":13,"column":56}},"line":13},"1":{"name":"(anonymous_1)","decl":{"start":{"line":14,"column":14},"end":{"line":14,"column":15}},"loc":{"start":{"line":14,"column":33},"end":{"line":14,"column":87}},"line":14},"2":{"name":"(anonymous_2)","decl":{"start":{"line":20,"column":16},"end":{"line":20,"column":17}},"loc":{"start":{"line":20,"column":35},"end":{"line":25,"column":5}},"line":20},"3":{"name":"(anonymous_3)","decl":{"start":{"line":30,"column":19},"end":{"line":30,"column":20}},"loc":{"start":{"line":30,"column":33},"end":{"line":32,"column":1}},"line":30},"4":{"name":"(anonymous_4)","decl":{"start":{"line":35,"column":44},"end":{"line":35,"column":45}},"loc":{"start":{"line":35,"column":58},"end":{"line":69,"column":1}},"line":35},"5":{"name":"(anonymous_5)","decl":{"start":{"line":72,"column":47},"end":{"line":72,"column":48}},"loc":{"start":{"line":72,"column":61},"end":{"line":102,"column":1}},"line":72},"6":{"name":"(anonymous_6)","decl":{"start":{"line":74,"column":35},"end":{"line":74,"column":36}},"loc":{"start":{"line":74,"column":40},"end":{"line":74,"column":51}},"line":74},"7":{"name":"(anonymous_7)","decl":{"start":{"line":105,"column":28},"end":{"line":105,"column":29}},"loc":{"start":{"line":105,"column":42},"end":{"line":111,"column":1}},"line":105},"8":{"name":"(anonymous_8)","decl":{"start":{"line":114,"column":26},"end":{"line":114,"column":27}},"loc":{"start":{"line":114,"column":40},"end":{"line":124,"column":1}},"line":114},"9":{"name":"(anonymous_9)","decl":{"start":{"line":116,"column":35},"end":{"line":116,"column":36}},"loc":{"start":{"line":116,"column":40},"end":{"line":116,"column":51}},"line":116}},"branchMap":{"0":{"loc":{"start":{"line":10,"column":0},"end":{"line":10,"column":78}},"type":"if","locations":[{"start":{"line":10,"column":0},"end":{"line":10,"column":78}},{"start":{},"end":{}}],"line":10},"1":{"loc":{"start":{"line":21,"column":8},"end":{"line":23,"column":9}},"type":"if","locations":[{"start":{"line":21,"column":8},"end":{"line":23,"column":9}},{"start":{},"end":{}}],"line":21},"2":{"loc":{"start":{"line":41,"column":4},"end":{"line":45,"column":5}},"type":"if","locations":[{"start":{"line":41,"column":4},"end":{"line":45,"column":5}},{"start":{},"end":{}}],"line":41},"3":{"loc":{"start":{"line":41,"column":8},"end":{"line":41,"column":110}},"type":"binary-expr","locations":[{"start":{"line":41,"column":8},"end":{"line":41,"column":23}},{"start":{"line":41,"column":27},"end":{"line":41,"column":41}},{"start":{"line":41,"column":45},"end":{"line":41,"column":63}},{"start":{"line":41,"column":67},"end":{"line":41,"column":82}},{"start":{"line":41,"column":86},"end":{"line":41,"column":110}}],"line":41},"4":{"loc":{"start":{"line":53,"column":4},"end":{"line":57,"column":5}},"type":"if","locations":[{"start":{"line":53,"column":4},"end":{"line":57,"column":5}},{"start":{},"end":{}}],"line":53},"5":{"loc":{"start":{"line":63,"column":4},"end":{"line":65,"column":5}},"type":"if","locations":[{"start":{"line":63,"column":4},"end":{"line":65,"column":5}},{"start":{},"end":{}}],"line":63},"6":{"loc":{"start":{"line":76,"column":4},"end":{"line":78,"column":5}},"type":"if","locations":[{"start":{"line":76,"column":4},"end":{"line":78,"column":5}},{"start":{},"end":{}}],"line":76},"7":{"loc":{"start":{"line":82,"column":4},"end":{"line":84,"column":5}},"type":"if","locations":[{"start":{"line":82,"column":4},"end":{"line":84,"column":5}},{"start":{},"end":{}}],"line":82},"8":{"loc":{"start":{"line":82,"column":8},"end":{"line":82,"column":105}},"type":"binary-expr","locations":[{"start":{"line":82,"column":8},"end":{"line":82,"column":22}},{"start":{"line":82,"column":26},"end":{"line":82,"column":39}},{"start":{"line":82,"column":43},"end":{"line":82,"column":60}},{"start":{"line":82,"column":64},"end":{"line":82,"column":78}},{"start":{"line":82,"column":82},"end":{"line":82,"column":105}}],"line":82},"9":{"loc":{"start":{"line":90,"column":4},"end":{"line":92,"column":5}},"type":"if","locations":[{"start":{"line":90,"column":4},"end":{"line":92,"column":5}},{"start":{},"end":{}}],"line":90},"10":{"loc":{"start":{"line":94,"column":4},"end":{"line":98,"column":5}},"type":"if","locations":[{"start":{"line":94,"column":4},"end":{"line":98,"column":5}},{"start":{"line":96,"column":11},"end":{"line":98,"column":5}}],"line":94},"11":{"loc":{"start":{"line":106,"column":4},"end":{"line":108,"column":5}},"type":"if","locations":[{"start":{"line":106,"column":4},"end":{"line":108,"column":5}},{"start":{},"end":{}}],"line":106},"12":{"loc":{"start":{"line":118,"column":4},"end":{"line":120,"column":5}},"type":"if","locations":[{"start":{"line":118,"column":4},"end":{"line":120,"column":5}},{"start":{},"end":{}}],"line":118}},"s":{"0":1,"1":1,"2":1,"3":1,"4":1,"5":1,"6":1,"7":1,"8":1,"9":0,"10":1,"11":0,"12":0,"13":1,"14":0,"15":0,"16":0,"17":1,"18":1,"19":1,"20":1,"21":9,"22":9,"23":1,"24":8,"25":8,"26":8,"27":8,"28":1,"29":7,"30":7,"31":0,"32":7,"33":7,"34":1,"35":4,"36":4,"37":14,"38":4,"39":1,"40":3,"41":3,"42":1,"43":2,"44":2,"45":2,"46":2,"47":1,"48":1,"49":0,"50":1,"51":1,"52":1,"53":1,"54":0,"55":0,"56":0,"57":0,"58":1,"59":2,"60":2,"61":13,"62":2,"63":1,"64":1,"65":1,"66":1},"f":{"0":0,"1":0,"2":0,"3":1,"4":9,"5":4,"6":14,"7":0,"8":2,"9":13},"b":{"0":[0,1],"1":[0,0],"2":[1,8],"3":[9,8,8,8,8],"4":[1,7],"5":[0,7],"6":[1,3],"7":[1,2],"8":[3,2,2,2,2],"9":[1,1],"10":[0,1],"11":[0,0],"12":[1,1]},"_coverageSchema":"1a1c01bbd47fc00a2c39e90264f33305004495a9","hash":"59a1d3a1ae5742e0db1a185ee0d3847aabd48d67"}
}
