TN:
SF:app.js
FN:13,(anonymous_0)
FN:14,(anonymous_1)
FN:20,(anonymous_2)
FN:30,(anonymous_3)
FN:35,(anonymous_4)
FN:72,(anonymous_5)
FN:74,(anonymous_6)
FN:105,(anonymous_7)
FN:114,(anonymous_8)
FN:116,(anonymous_9)
FNF:10
FNH:6
FNDA:0,(anonymous_0)
FNDA:0,(anonymous_1)
FNDA:0,(anonymous_2)
FNDA:1,(anonymous_3)
FNDA:9,(anonymous_4)
FNDA:4,(anonymous_5)
FNDA:14,(anonymous_6)
FNDA:0,(anonymous_7)
FNDA:2,(anonymous_8)
FNDA:13,(anonymous_9)
DA:1,1
DA:2,1
DA:3,1
DA:4,1
DA:5,1
DA:6,1
DA:7,1
DA:9,1
DA:10,1
DA:12,1
DA:13,0
DA:14,0
DA:17,1
DA:21,0
DA:22,0
DA:24,0
DA:28,1
DA:30,1
DA:31,1
DA:35,1
DA:36,9
DA:41,9
DA:42,1
DA:48,8
DA:49,8
DA:51,8
DA:53,8
DA:54,1
DA:62,7
DA:63,7
DA:64,0
DA:66,7
DA:68,7
DA:72,1
DA:73,4
DA:74,14
DA:76,4
DA:77,1
DA:80,3
DA:82,3
DA:83,1
DA:86,2
DA:87,2
DA:88,2
DA:90,2
DA:91,1
DA:94,1
DA:95,0
DA:97,1
DA:100,1
DA:101,1
DA:105,1
DA:106,0
DA:107,0
DA:109,0
DA:110,0
DA:114,1
DA:115,2
DA:116,13
DA:118,2
DA:119,1
DA:122,1
DA:123,1
DA:127,1
LF:64
LH:53
BRDA:10,0,0,0
BRDA:10,0,1,1
BRDA:21,1,0,0
BRDA:21,1,1,0
BRDA:41,2,0,1
BRDA:41,2,1,8
BRDA:41,3,0,9
BRDA:41,3,1,8
BRDA:41,3,2,8
BRDA:41,3,3,8
BRDA:41,3,4,8
BRDA:53,4,0,1
BRDA:53,4,1,7
BRDA:63,5,0,0
BRDA:63,5,1,7
BRDA:76,6,0,1
BRDA:76,6,1,3
BRDA:82,7,0,1
BRDA:82,7,1,2
BRDA:82,8,0,3
BRDA:82,8,1,2
BRDA:82,8,2,2
BRDA:82,8,3,2
BRDA:82,8,4,2
BRDA:90,9,0,1
BRDA:90,9,1,1
BRDA:94,10,0,0
BRDA:94,10,1,1
BRDA:106,11,0,0
BRDA:106,11,1,0
BRDA:118,12,0,1
BRDA:118,12,1,1
BRF:32
BRH:25
end_of_record
